{"C:\\Users\\dell\\Desktop\\CRM-App\\Contants\\user.constant.js": {"path":"C:\\Users\\dell\\Desktop\\CRM-App\\Contants\\user.constant.js","statementMap":{"0":{"start":{"line":1,"column":17},"end":{"line":5,"column":1}},"1":{"start":{"line":7,"column":0},"end":{"line":7,"column":30}}},"fnMap":{},"branchMap":{},"s":{"0":1,"1":1},"f":{},"b":{},"_coverageSchema":"1a1c01bbd47fc00a2c39e90264f33305004495a9","hash":"d24ddd08abaaa9cadd0540fd05e940cf3c3dca06"}
,"C:\\Users\\dell\\Desktop\\CRM-App\\models\\ticket.model.js": {"path":"C:\\Users\\dell\\Desktop\\CRM-App\\models\\ticket.model.js","statementMap":{"0":{"start":{"line":1,"column":17},"end":{"line":1,"column":36}},"1":{"start":{"line":2,"column":19},"end":{"line":2,"column":27}},"2":{"start":{"line":3,"column":21},"end":{"line":47,"column":2}},"3":{"start":{"line":49,"column":0},"end":{"line":49,"column":56}}},"fnMap":{},"branchMap":{},"s":{"0":1,"1":1,"2":1,"3":1},"f":{},"b":{},"_coverageSchema":"1a1c01bbd47fc00a2c39e90264f33305004495a9","hash":"e9ff35e3df90bc05b61b126a370b1588f4509ebe"}
,"C:\\Users\\dell\\Desktop\\CRM-App\\models\\user.model.js": {"path":"C:\\Users\\dell\\Desktop\\CRM-App\\models\\user.model.js","statementMap":{"0":{"start":{"line":1,"column":17},"end":{"line":1,"column":36}},"1":{"start":{"line":2,"column":15},"end":{"line":2,"column":32}},"2":{"start":{"line":3,"column":19},"end":{"line":3,"column":27}},"3":{"start":{"line":4,"column":19},"end":{"line":51,"column":2}},"4":{"start":{"line":52,"column":0},"end":{"line":56,"column":3}},"5":{"start":{"line":53,"column":25},"end":{"line":53,"column":59}},"6":{"start":{"line":54,"column":2},"end":{"line":54,"column":33}},"7":{"start":{"line":55,"column":2},"end":{"line":55,"column":9}},"8":{"start":{"line":58,"column":0},"end":{"line":58,"column":52}}},"fnMap":{"0":{"name":"(anonymous_0)","decl":{"start":{"line":52,"column":23},"end":{"line":52,"column":24}},"loc":{"start":{"line":52,"column":39},"end":{"line":56,"column":1}},"line":52}},"branchMap":{},"s":{"0":1,"1":1,"2":1,"3":1,"4":1,"5":0,"6":0,"7":0,"8":1},"f":{"0":0},"b":{},"_coverageSchema":"1a1c01bbd47fc00a2c39e90264f33305004495a9","hash":"a2a4686377f249a5661c69395a2eca4b78917a87"}
,"C:\\Users\\dell\\Desktop\\CRM-App\\service\\auth.service.js": {"path":"C:\\Users\\dell\\Desktop\\CRM-App\\service\\auth.service.js","statementMap":{"0":{"start":{"line":1,"column":12},"end":{"line":1,"column":35}},"1":{"start":{"line":2,"column":15},"end":{"line":2,"column":32}},"2":{"start":{"line":3,"column":0},"end":{"line":3,"column":27}},"3":{"start":{"line":5,"column":20},"end":{"line":12,"column":1}},"4":{"start":{"line":6,"column":2},"end":{"line":11,"column":3}},"5":{"start":{"line":7,"column":23},"end":{"line":7,"column":68}},"6":{"start":{"line":8,"column":4},"end":{"line":8,"column":24}},"7":{"start":{"line":10,"column":4},"end":{"line":10,"column":23}},"8":{"start":{"line":14,"column":0},"end":{"line":16,"column":2}}},"fnMap":{"0":{"name":"(anonymous_0)","decl":{"start":{"line":5,"column":20},"end":{"line":5,"column":21}},"loc":{"start":{"line":5,"column":31},"end":{"line":12,"column":1}},"line":5}},"branchMap":{},"s":{"0":1,"1":1,"2":1,"3":1,"4":2,"5":2,"6":1,"7":1,"8":1},"f":{"0":2},"b":{},"_coverageSchema":"1a1c01bbd47fc00a2c39e90264f33305004495a9","hash":"2846ad42ffc5e36120a610c8e394a03898233841"}
,"C:\\Users\\dell\\Desktop\\CRM-App\\service\\user.service.js": {"path":"C:\\Users\\dell\\Desktop\\CRM-App\\service\\user.service.js","statementMap":{"0":{"start":{"line":1,"column":13},"end":{"line":1,"column":44}},"1":{"start":{"line":2,"column":21},"end":{"line":2,"column":57}},"2":{"start":{"line":3,"column":16},"end":{"line":3,"column":49}},"3":{"start":{"line":4,"column":15},"end":{"line":4,"column":32}},"4":{"start":{"line":5,"column":20},"end":{"line":15,"column":1}},"5":{"start":{"line":6,"column":2},"end":{"line":14,"column":3}},"6":{"start":{"line":7,"column":21},"end":{"line":7,"column":38}},"7":{"start":{"line":8,"column":4},"end":{"line":10,"column":5}},"8":{"start":{"line":9,"column":6},"end":{"line":9,"column":38}},"9":{"start":{"line":11,"column":4},"end":{"line":11,"column":20}},"10":{"start":{"line":13,"column":4},"end":{"line":13,"column":15}},"11":{"start":{"line":16,"column":23},"end":{"line":26,"column":1}},"12":{"start":{"line":17,"column":2},"end":{"line":25,"column":3}},"13":{"start":{"line":18,"column":19},"end":{"line":18,"column":60}},"14":{"start":{"line":19,"column":4},"end":{"line":21,"column":5}},"15":{"start":{"line":20,"column":6},"end":{"line":20,"column":38}},"16":{"start":{"line":22,"column":4},"end":{"line":22,"column":20}},"17":{"start":{"line":24,"column":4},"end":{"line":24,"column":23}},"18":{"start":{"line":27,"column":24},"end":{"line":37,"column":1}},"19":{"start":{"line":28,"column":2},"end":{"line":36,"column":3}},"20":{"start":{"line":29,"column":21},"end":{"line":31,"column":6}},"21":{"start":{"line":33,"column":4},"end":{"line":33,"column":20}},"22":{"start":{"line":35,"column":4},"end":{"line":35,"column":15}},"23":{"start":{"line":38,"column":23},"end":{"line":71,"column":1}},"24":{"start":{"line":39,"column":2},"end":{"line":70,"column":3}},"25":{"start":{"line":41,"column":4},"end":{"line":48,"column":5}},"26":{"start":{"line":44,"column":6},"end":{"line":46,"column":8}},"27":{"start":{"line":47,"column":6},"end":{"line":47,"column":20}},"28":{"start":{"line":49,"column":4},"end":{"line":65,"column":5}},"29":{"start":{"line":51,"column":6},"end":{"line":54,"column":8}},"30":{"start":{"line":55,"column":11},"end":{"line":65,"column":5}},"31":{"start":{"line":56,"column":6},"end":{"line":59,"column":8}},"32":{"start":{"line":62,"column":6},"end":{"line":64,"column":8}},"33":{"start":{"line":66,"column":4},"end":{"line":66,"column":18}},"34":{"start":{"line":68,"column":4},"end":{"line":68,"column":21}},"35":{"start":{"line":69,"column":4},"end":{"line":69,"column":23}},"36":{"start":{"line":73,"column":26},"end":{"line":88,"column":1}},"37":{"start":{"line":74,"column":2},"end":{"line":87,"column":3}},"38":{"start":{"line":75,"column":19},"end":{"line":75,"column":45}},"39":{"start":{"line":76,"column":4},"end":{"line":84,"column":5}},"40":{"start":{"line":77,"column":6},"end":{"line":79,"column":8}},"41":{"start":{"line":81,"column":6},"end":{"line":83,"column":8}},"42":{"start":{"line":86,"column":4},"end":{"line":86,"column":23}},"43":{"start":{"line":89,"column":34},"end":{"line":100,"column":1}},"44":{"start":{"line":90,"column":2},"end":{"line":99,"column":3}},"45":{"start":{"line":91,"column":21},"end":{"line":94,"column":5}},"46":{"start":{"line":95,"column":4},"end":{"line":95,"column":20}},"47":{"start":{"line":97,"column":4},"end":{"line":97,"column":21}},"48":{"start":{"line":98,"column":4},"end":{"line":98,"column":23}},"49":{"start":{"line":102,"column":32},"end":{"line":120,"column":1}},"50":{"start":{"line":103,"column":2},"end":{"line":119,"column":3}},"51":{"start":{"line":104,"column":31},"end":{"line":104,"column":63}},"52":{"start":{"line":105,"column":4},"end":{"line":105,"column":35}},"53":{"start":{"line":106,"column":4},"end":{"line":110,"column":5}},"54":{"start":{"line":107,"column":6},"end":{"line":109,"column":8}},"55":{"start":{"line":111,"column":21},"end":{"line":114,"column":5}},"56":{"start":{"line":115,"column":4},"end":{"line":115,"column":20}},"57":{"start":{"line":117,"column":4},"end":{"line":117,"column":21}},"58":{"start":{"line":118,"column":4},"end":{"line":118,"column":23}},"59":{"start":{"line":121,"column":25},"end":{"line":138,"column":1}},"60":{"start":{"line":122,"column":2},"end":{"line":137,"column":3}},"61":{"start":{"line":123,"column":6},"end":{"line":123,"column":27}},"62":{"start":{"line":124,"column":23},"end":{"line":124,"column":60}},"63":{"start":{"line":125,"column":6},"end":{"line":132,"column":7}},"64":{"start":{"line":126,"column":10},"end":{"line":126,"column":26}},"65":{"start":{"line":129,"column":10},"end":{"line":131,"column":11}},"66":{"start":{"line":135,"column":6},"end":{"line":135,"column":61}},"67":{"start":{"line":136,"column":6},"end":{"line":136,"column":25}},"68":{"start":{"line":139,"column":19},"end":{"line":156,"column":1}},"69":{"start":{"line":140,"column":19},"end":{"line":140,"column":21}},"70":{"start":{"line":141,"column":2},"end":{"line":155,"column":3}},"71":{"start":{"line":142,"column":20},"end":{"line":148,"column":5}},"72":{"start":{"line":149,"column":20},"end":{"line":149,"column":46}},"73":{"start":{"line":150,"column":4},"end":{"line":150,"column":28}},"74":{"start":{"line":151,"column":4},"end":{"line":151,"column":20}},"75":{"start":{"line":153,"column":4},"end":{"line":153,"column":31}},"76":{"start":{"line":154,"column":4},"end":{"line":154,"column":20}},"77":{"start":{"line":158,"column":19},"end":{"line":180,"column":1}},"78":{"start":{"line":159,"column":19},"end":{"line":159,"column":21}},"79":{"start":{"line":160,"column":2},"end":{"line":179,"column":3}},"80":{"start":{"line":161,"column":21},"end":{"line":161,"column":62}},"81":{"start":{"line":163,"column":4},"end":{"line":173,"column":5}},"82":{"start":{"line":164,"column":6},"end":{"line":164,"column":37}},"83":{"start":{"line":167,"column":21},"end":{"line":167,"column":73}},"84":{"start":{"line":168,"column":6},"end":{"line":172,"column":7}},"85":{"start":{"line":169,"column":8},"end":{"line":169,"column":32}},"86":{"start":{"line":171,"column":8},"end":{"line":171,"column":42}},"87":{"start":{"line":174,"column":4},"end":{"line":174,"column":20}},"88":{"start":{"line":176,"column":4},"end":{"line":176,"column":32}},"89":{"start":{"line":177,"column":4},"end":{"line":177,"column":31}},"90":{"start":{"line":178,"column":4},"end":{"line":178,"column":20}},"91":{"start":{"line":182,"column":0},"end":{"line":193,"column":2}}},"fnMap":{"0":{"name":"(anonymous_0)","decl":{"start":{"line":5,"column":20},"end":{"line":5,"column":21}},"loc":{"start":{"line":5,"column":32},"end":{"line":15,"column":1}},"line":5},"1":{"name":"(anonymous_1)","decl":{"start":{"line":16,"column":23},"end":{"line":16,"column":24}},"loc":{"start":{"line":16,"column":39},"end":{"line":26,"column":1}},"line":16},"2":{"name":"(anonymous_2)","decl":{"start":{"line":27,"column":24},"end":{"line":27,"column":25}},"loc":{"start":{"line":27,"column":42},"end":{"line":37,"column":1}},"line":27},"3":{"name":"(anonymous_3)","decl":{"start":{"line":38,"column":23},"end":{"line":38,"column":24}},"loc":{"start":{"line":38,"column":39},"end":{"line":71,"column":1}},"line":38},"4":{"name":"(anonymous_4)","decl":{"start":{"line":73,"column":26},"end":{"line":73,"column":27}},"loc":{"start":{"line":73,"column":42},"end":{"line":88,"column":1}},"line":73},"5":{"name":"(anonymous_5)","decl":{"start":{"line":89,"column":34},"end":{"line":89,"column":35}},"loc":{"start":{"line":89,"column":65},"end":{"line":100,"column":1}},"line":89},"6":{"name":"(anonymous_6)","decl":{"start":{"line":102,"column":32},"end":{"line":102,"column":33}},"loc":{"start":{"line":102,"column":63},"end":{"line":120,"column":1}},"line":102},"7":{"name":"(anonymous_7)","decl":{"start":{"line":121,"column":25},"end":{"line":121,"column":26}},"loc":{"start":{"line":121,"column":43},"end":{"line":138,"column":1}},"line":121},"8":{"name":"(anonymous_8)","decl":{"start":{"line":139,"column":19},"end":{"line":139,"column":20}},"loc":{"start":{"line":139,"column":35},"end":{"line":156,"column":1}},"line":139},"9":{"name":"(anonymous_9)","decl":{"start":{"line":158,"column":19},"end":{"line":158,"column":20}},"loc":{"start":{"line":158,"column":35},"end":{"line":180,"column":1}},"line":158}},"branchMap":{"0":{"loc":{"start":{"line":8,"column":4},"end":{"line":10,"column":5}},"type":"if","locations":[{"start":{"line":8,"column":4},"end":{"line":10,"column":5}},{"start":{},"end":{}}],"line":8},"1":{"loc":{"start":{"line":19,"column":4},"end":{"line":21,"column":5}},"type":"if","locations":[{"start":{"line":19,"column":4},"end":{"line":21,"column":5}},{"start":{},"end":{}}],"line":19},"2":{"loc":{"start":{"line":41,"column":4},"end":{"line":48,"column":5}},"type":"if","locations":[{"start":{"line":41,"column":4},"end":{"line":48,"column":5}},{"start":{},"end":{}}],"line":41},"3":{"loc":{"start":{"line":49,"column":4},"end":{"line":65,"column":5}},"type":"if","locations":[{"start":{"line":49,"column":4},"end":{"line":65,"column":5}},{"start":{"line":55,"column":11},"end":{"line":65,"column":5}}],"line":49},"4":{"loc":{"start":{"line":55,"column":11},"end":{"line":65,"column":5}},"type":"if","locations":[{"start":{"line":55,"column":11},"end":{"line":65,"column":5}},{"start":{"line":60,"column":11},"end":{"line":65,"column":5}}],"line":55},"5":{"loc":{"start":{"line":76,"column":4},"end":{"line":84,"column":5}},"type":"if","locations":[{"start":{"line":76,"column":4},"end":{"line":84,"column":5}},{"start":{"line":80,"column":11},"end":{"line":84,"column":5}}],"line":76},"6":{"loc":{"start":{"line":76,"column":8},"end":{"line":76,"column":53}},"type":"binary-expr","locations":[{"start":{"line":76,"column":8},"end":{"line":76,"column":16}},{"start":{"line":76,"column":20},"end":{"line":76,"column":53}}],"line":76},"7":{"loc":{"start":{"line":106,"column":4},"end":{"line":110,"column":5}},"type":"if","locations":[{"start":{"line":106,"column":4},"end":{"line":110,"column":5}},{"start":{},"end":{}}],"line":106},"8":{"loc":{"start":{"line":106,"column":8},"end":{"line":106,"column":55}},"type":"binary-expr","locations":[{"start":{"line":106,"column":8},"end":{"line":106,"column":27}},{"start":{"line":106,"column":31},"end":{"line":106,"column":55}}],"line":106},"9":{"loc":{"start":{"line":125,"column":6},"end":{"line":132,"column":7}},"type":"if","locations":[{"start":{"line":125,"column":6},"end":{"line":132,"column":7}},{"start":{"line":128,"column":10},"end":{"line":132,"column":7}}],"line":125},"10":{"loc":{"start":{"line":163,"column":4},"end":{"line":173,"column":5}},"type":"if","locations":[{"start":{"line":163,"column":4},"end":{"line":173,"column":5}},{"start":{"line":166,"column":9},"end":{"line":173,"column":5}}],"line":163},"11":{"loc":{"start":{"line":168,"column":6},"end":{"line":172,"column":7}},"type":"if","locations":[{"start":{"line":168,"column":6},"end":{"line":172,"column":7}},{"start":{"line":170,"column":13},"end":{"line":172,"column":7}}],"line":168}},"s":{"0":1,"1":1,"2":1,"3":1,"4":1,"5":0,"6":0,"7":0,"8":0,"9":0,"10":0,"11":1,"12":0,"13":0,"14":0,"15":0,"16":0,"17":0,"18":1,"19":0,"20":0,"21":0,"22":0,"23":1,"24":0,"25":0,"26":0,"27":0,"28":0,"29":0,"30":0,"31":0,"32":0,"33":0,"34":0,"35":0,"36":1,"37":0,"38":0,"39":0,"40":0,"41":0,"42":0,"43":1,"44":0,"45":0,"46":0,"47":0,"48":0,"49":1,"50":0,"51":0,"52":0,"53":0,"54":0,"55":0,"56":0,"57":0,"58":0,"59":1,"60":0,"61":0,"62":0,"63":0,"64":0,"65":0,"66":0,"67":0,"68":1,"69":2,"70":2,"71":2,"72":2,"73":1,"74":1,"75":1,"76":1,"77":1,"78":2,"79":2,"80":2,"81":2,"82":1,"83":1,"84":1,"85":0,"86":1,"87":2,"88":0,"89":0,"90":0,"91":1},"f":{"0":0,"1":0,"2":0,"3":0,"4":0,"5":0,"6":0,"7":0,"8":2,"9":2},"b":{"0":[0,0],"1":[0,0],"2":[0,0],"3":[0,0],"4":[0,0],"5":[0,0],"6":[0,0],"7":[0,0],"8":[0,0],"9":[0,0],"10":[1,1],"11":[0,1]},"_coverageSchema":"1a1c01bbd47fc00a2c39e90264f33305004495a9","hash":"4eae10aeff03d87396241748d0a119e6137b64b8"}
,"C:\\Users\\dell\\Desktop\\CRM-App\\test\\testUtils\\db.js": {"path":"C:\\Users\\dell\\Desktop\\CRM-App\\test\\testUtils\\db.js","statementMap":{"0":{"start":{"line":1,"column":17},"end":{"line":1,"column":36}},"1":{"start":{"line":2,"column":30},"end":{"line":2,"column":62}},"2":{"start":{"line":7,"column":0},"end":{"line":16,"column":1}},"3":{"start":{"line":9,"column":4},"end":{"line":9,"column":45}},"4":{"start":{"line":10,"column":16},"end":{"line":10,"column":31}},"5":{"start":{"line":15,"column":4},"end":{"line":15,"column":26}},"6":{"start":{"line":21,"column":0},"end":{"line":30,"column":1}},"7":{"start":{"line":24,"column":4},"end":{"line":24,"column":45}},"8":{"start":{"line":27,"column":4},"end":{"line":27,"column":38}},"9":{"start":{"line":29,"column":4},"end":{"line":29,"column":24}},"10":{"start":{"line":35,"column":0},"end":{"line":45,"column":1}},"11":{"start":{"line":37,"column":24},"end":{"line":37,"column":55}},"12":{"start":{"line":39,"column":4},"end":{"line":44,"column":5}},"13":{"start":{"line":41,"column":27},"end":{"line":41,"column":43}}},"fnMap":{"0":{"name":"(anonymous_0)","decl":{"start":{"line":7,"column":25},"end":{"line":7,"column":26}},"loc":{"start":{"line":7,"column":36},"end":{"line":16,"column":1}},"line":7},"1":{"name":"(anonymous_1)","decl":{"start":{"line":21,"column":31},"end":{"line":21,"column":32}},"loc":{"start":{"line":21,"column":42},"end":{"line":30,"column":1}},"line":21},"2":{"name":"(anonymous_2)","decl":{"start":{"line":35,"column":31},"end":{"line":35,"column":32}},"loc":{"start":{"line":35,"column":42},"end":{"line":45,"column":1}},"line":35}},"branchMap":{},"s":{"0":1,"1":1,"2":1,"3":1,"4":1,"5":1,"6":1,"7":1,"8":1,"9":1,"10":1,"11":4,"12":4,"13":8},"f":{"0":1,"1":1,"2":4},"b":{},"_coverageSchema":"1a1c01bbd47fc00a2c39e90264f33305004495a9","hash":"15288e0b8458434da9f1e73e18d314bdc71c8fac"}
}
