{"C:\\Users\\goyal\\OneDrive\\Desktop\\CRM-App-main\\Contants\\user.constant.js": {"path":"C:\\Users\\goyal\\OneDrive\\Desktop\\CRM-App-main\\Contants\\user.constant.js","statementMap":{"0":{"start":{"line":1,"column":17},"end":{"line":5,"column":1}},"1":{"start":{"line":7,"column":0},"end":{"line":7,"column":30}}},"fnMap":{},"branchMap":{},"s":{"0":4,"1":4},"f":{},"b":{},"_coverageSchema":"1a1c01bbd47fc00a2c39e90264f33305004495a9","hash":"8d0d330736fe2049e487b5412a4e7d84a816ccfb"}
,"C:\\Users\\goyal\\OneDrive\\Desktop\\CRM-App-main\\Utils\\notificationServiceClient.js": {"path":"C:\\Users\\goyal\\OneDrive\\Desktop\\CRM-App-main\\Utils\\notificationServiceClient.js","statementMap":{"0":{"start":{"line":1,"column":13},"end":{"line":1,"column":47}},"1":{"start":{"line":2,"column":13},"end":{"line":2,"column":25}},"2":{"start":{"line":6,"column":2},"end":{"line":6,"column":65}},"3":{"start":{"line":7,"column":0},"end":{"line":33,"column":2}},"4":{"start":{"line":14,"column":18},"end":{"line":20,"column":3}},"5":{"start":{"line":21,"column":18},"end":{"line":21,"column":56}},"6":{"start":{"line":23,"column":15},"end":{"line":26,"column":3}},"7":{"start":{"line":27,"column":2},"end":{"line":32,"column":5}},"8":{"start":{"line":29,"column":4},"end":{"line":29,"column":22}},"9":{"start":{"line":31,"column":4},"end":{"line":31,"column":26}}},"fnMap":{"0":{"name":"(anonymous_0)","decl":{"start":{"line":7,"column":27},"end":{"line":7,"column":28}},"loc":{"start":{"line":13,"column":5},"end":{"line":33,"column":1}},"line":13},"1":{"name":"(anonymous_1)","decl":{"start":{"line":27,"column":44},"end":{"line":27,"column":45}},"loc":{"start":{"line":27,"column":70},"end":{"line":32,"column":3}},"line":27}},"branchMap":{},"s":{"0":1,"1":1,"2":1,"3":1,"4":0,"5":0,"6":0,"7":0,"8":0,"9":0},"f":{"0":0,"1":0},"b":{},"_coverageSchema":"1a1c01bbd47fc00a2c39e90264f33305004495a9","hash":"5565099c4cce49b8aebb6f856a063383c4a48d6c"}
,"C:\\Users\\goyal\\OneDrive\\Desktop\\CRM-App-main\\controller\\auth.controller.js": {"path":"C:\\Users\\goyal\\OneDrive\\Desktop\\CRM-App-main\\controller\\auth.controller.js","statementMap":{"0":{"start":{"line":1,"column":21},"end":{"line":1,"column":55}},"1":{"start":{"line":2,"column":12},"end":{"line":2,"column":35}},"2":{"start":{"line":3,"column":0},"end":{"line":3,"column":27}},"3":{"start":{"line":4,"column":15},"end":{"line":23,"column":1}},"4":{"start":{"line":5,"column":2},"end":{"line":22,"column":3}},"5":{"start":{"line":6,"column":19},"end":{"line":6,"column":58}},"6":{"start":{"line":10,"column":4},"end":{"line":16,"column":5}},"7":{"start":{"line":11,"column":6},"end":{"line":11,"column":23}},"8":{"start":{"line":12,"column":6},"end":{"line":12,"column":28}},"9":{"start":{"line":14,"column":6},"end":{"line":14,"column":23}},"10":{"start":{"line":15,"column":6},"end":{"line":15,"column":29}},"11":{"start":{"line":17,"column":4},"end":{"line":17,"column":49}},"12":{"start":{"line":19,"column":4},"end":{"line":21,"column":7}},"13":{"start":{"line":25,"column":15},"end":{"line":50,"column":1}},"14":{"start":{"line":28,"column":2},"end":{"line":49,"column":3}},"15":{"start":{"line":29,"column":19},"end":{"line":29,"column":58}},"16":{"start":{"line":30,"column":4},"end":{"line":43,"column":5}},"17":{"start":{"line":31,"column":6},"end":{"line":31,"column":23}},"18":{"start":{"line":32,"column":6},"end":{"line":32,"column":28}},"19":{"start":{"line":34,"column":6},"end":{"line":34,"column":23}},"20":{"start":{"line":35,"column":20},"end":{"line":38,"column":7}},"21":{"start":{"line":39,"column":6},"end":{"line":42,"column":8}},"22":{"start":{"line":44,"column":4},"end":{"line":44,"column":49}},"23":{"start":{"line":46,"column":4},"end":{"line":48,"column":7}},"24":{"start":{"line":51,"column":0},"end":{"line":54,"column":2}}},"fnMap":{"0":{"name":"(anonymous_0)","decl":{"start":{"line":4,"column":15},"end":{"line":4,"column":16}},"loc":{"start":{"line":4,"column":35},"end":{"line":23,"column":1}},"line":4},"1":{"name":"(anonymous_1)","decl":{"start":{"line":25,"column":15},"end":{"line":25,"column":16}},"loc":{"start":{"line":25,"column":35},"end":{"line":50,"column":1}},"line":25}},"branchMap":{"0":{"loc":{"start":{"line":10,"column":4},"end":{"line":16,"column":5}},"type":"if","locations":[{"start":{"line":10,"column":4},"end":{"line":16,"column":5}},{"start":{"line":13,"column":11},"end":{"line":16,"column":5}}],"line":10},"1":{"loc":{"start":{"line":30,"column":4},"end":{"line":43,"column":5}},"type":"if","locations":[{"start":{"line":30,"column":4},"end":{"line":43,"column":5}},{"start":{"line":33,"column":11},"end":{"line":43,"column":5}}],"line":30}},"s":{"0":1,"1":1,"2":1,"3":1,"4":4,"5":4,"6":4,"7":3,"8":3,"9":1,"10":1,"11":4,"12":0,"13":1,"14":2,"15":2,"16":2,"17":1,"18":1,"19":1,"20":1,"21":1,"22":2,"23":0,"24":1},"f":{"0":4,"1":2},"b":{"0":[3,1],"1":[1,1]},"_coverageSchema":"1a1c01bbd47fc00a2c39e90264f33305004495a9","hash":"667f15435c7bb65dde6f46652dd0ec6229406241"}
,"C:\\Users\\goyal\\OneDrive\\Desktop\\CRM-App-main\\controller\\ticket.controller.js": {"path":"C:\\Users\\goyal\\OneDrive\\Desktop\\CRM-App-main\\controller\\ticket.controller.js","statementMap":{"0":{"start":{"line":1,"column":22},"end":{"line":1,"column":58}},"1":{"start":{"line":3,"column":21},"end":{"line":18,"column":1}},"2":{"start":{"line":4,"column":2},"end":{"line":17,"column":3}},"3":{"start":{"line":5,"column":21},"end":{"line":5,"column":73}},"4":{"start":{"line":6,"column":4},"end":{"line":12,"column":5}},"5":{"start":{"line":7,"column":6},"end":{"line":7,"column":41}},"6":{"start":{"line":9,"column":6},"end":{"line":11,"column":8}},"7":{"start":{"line":14,"column":4},"end":{"line":16,"column":7}},"8":{"start":{"line":19,"column":22},"end":{"line":38,"column":1}},"9":{"start":{"line":20,"column":2},"end":{"line":37,"column":3}},"10":{"start":{"line":23,"column":21},"end":{"line":23,"column":69}},"11":{"start":{"line":24,"column":4},"end":{"line":28,"column":5}},"12":{"start":{"line":25,"column":6},"end":{"line":27,"column":8}},"13":{"start":{"line":30,"column":4},"end":{"line":32,"column":6}},"14":{"start":{"line":34,"column":4},"end":{"line":36,"column":7}},"15":{"start":{"line":39,"column":23},"end":{"line":56,"column":1}},"16":{"start":{"line":40,"column":2},"end":{"line":55,"column":3}},"17":{"start":{"line":41,"column":21},"end":{"line":41,"column":57}},"18":{"start":{"line":42,"column":4},"end":{"line":46,"column":5}},"19":{"start":{"line":43,"column":6},"end":{"line":45,"column":8}},"20":{"start":{"line":47,"column":4},"end":{"line":49,"column":6}},"21":{"start":{"line":51,"column":4},"end":{"line":51,"column":21}},"22":{"start":{"line":52,"column":4},"end":{"line":54,"column":7}},"23":{"start":{"line":57,"column":29},"end":{"line":74,"column":1}},"24":{"start":{"line":58,"column":2},"end":{"line":73,"column":3}},"25":{"start":{"line":59,"column":21},"end":{"line":59,"column":73}},"26":{"start":{"line":60,"column":4},"end":{"line":64,"column":5}},"27":{"start":{"line":61,"column":6},"end":{"line":63,"column":8}},"28":{"start":{"line":65,"column":4},"end":{"line":67,"column":6}},"29":{"start":{"line":69,"column":4},"end":{"line":69,"column":21}},"30":{"start":{"line":70,"column":4},"end":{"line":72,"column":7}},"31":{"start":{"line":75,"column":32},"end":{"line":88,"column":1}},"32":{"start":{"line":76,"column":2},"end":{"line":87,"column":3}},"33":{"start":{"line":77,"column":21},"end":{"line":77,"column":74}},"34":{"start":{"line":78,"column":4},"end":{"line":80,"column":5}},"35":{"start":{"line":79,"column":6},"end":{"line":79,"column":48}},"36":{"start":{"line":81,"column":4},"end":{"line":81,"column":42}},"37":{"start":{"line":83,"column":4},"end":{"line":83,"column":21}},"38":{"start":{"line":84,"column":4},"end":{"line":86,"column":7}},"39":{"start":{"line":89,"column":25},"end":{"line":116,"column":1}},"40":{"start":{"line":90,"column":4},"end":{"line":115,"column":5}},"41":{"start":{"line":91,"column":23},"end":{"line":95,"column":7}},"42":{"start":{"line":97,"column":6},"end":{"line":107,"column":7}},"43":{"start":{"line":98,"column":8},"end":{"line":101,"column":10}},"44":{"start":{"line":103,"column":8},"end":{"line":106,"column":10}},"45":{"start":{"line":110,"column":6},"end":{"line":110,"column":23}},"46":{"start":{"line":111,"column":6},"end":{"line":114,"column":8}},"47":{"start":{"line":117,"column":0},"end":{"line":124,"column":2}}},"fnMap":{"0":{"name":"(anonymous_0)","decl":{"start":{"line":3,"column":21},"end":{"line":3,"column":22}},"loc":{"start":{"line":3,"column":41},"end":{"line":18,"column":1}},"line":3},"1":{"name":"(anonymous_1)","decl":{"start":{"line":19,"column":22},"end":{"line":19,"column":23}},"loc":{"start":{"line":19,"column":42},"end":{"line":38,"column":1}},"line":19},"2":{"name":"(anonymous_2)","decl":{"start":{"line":39,"column":23},"end":{"line":39,"column":24}},"loc":{"start":{"line":39,"column":43},"end":{"line":56,"column":1}},"line":39},"3":{"name":"(anonymous_3)","decl":{"start":{"line":57,"column":29},"end":{"line":57,"column":30}},"loc":{"start":{"line":57,"column":49},"end":{"line":74,"column":1}},"line":57},"4":{"name":"(anonymous_4)","decl":{"start":{"line":75,"column":32},"end":{"line":75,"column":33}},"loc":{"start":{"line":75,"column":52},"end":{"line":88,"column":1}},"line":75},"5":{"name":"(anonymous_5)","decl":{"start":{"line":89,"column":25},"end":{"line":89,"column":26}},"loc":{"start":{"line":89,"column":45},"end":{"line":116,"column":1}},"line":89}},"branchMap":{"0":{"loc":{"start":{"line":6,"column":4},"end":{"line":12,"column":5}},"type":"if","locations":[{"start":{"line":6,"column":4},"end":{"line":12,"column":5}},{"start":{"line":8,"column":11},"end":{"line":12,"column":5}}],"line":6},"1":{"loc":{"start":{"line":24,"column":4},"end":{"line":28,"column":5}},"type":"if","locations":[{"start":{"line":24,"column":4},"end":{"line":28,"column":5}},{"start":{},"end":{}}],"line":24},"2":{"loc":{"start":{"line":42,"column":4},"end":{"line":46,"column":5}},"type":"if","locations":[{"start":{"line":42,"column":4},"end":{"line":46,"column":5}},{"start":{},"end":{}}],"line":42},"3":{"loc":{"start":{"line":60,"column":4},"end":{"line":64,"column":5}},"type":"if","locations":[{"start":{"line":60,"column":4},"end":{"line":64,"column":5}},{"start":{},"end":{}}],"line":60},"4":{"loc":{"start":{"line":78,"column":4},"end":{"line":80,"column":5}},"type":"if","locations":[{"start":{"line":78,"column":4},"end":{"line":80,"column":5}},{"start":{},"end":{}}],"line":78},"5":{"loc":{"start":{"line":97,"column":6},"end":{"line":107,"column":7}},"type":"if","locations":[{"start":{"line":97,"column":6},"end":{"line":107,"column":7}},{"start":{"line":102,"column":11},"end":{"line":107,"column":7}}],"line":97}},"s":{"0":1,"1":1,"2":2,"3":2,"4":2,"5":1,"6":1,"7":0,"8":1,"9":2,"10":2,"11":2,"12":1,"13":1,"14":0,"15":1,"16":2,"17":2,"18":2,"19":1,"20":1,"21":0,"22":0,"23":1,"24":2,"25":2,"26":2,"27":1,"28":1,"29":0,"30":0,"31":1,"32":2,"33":2,"34":2,"35":1,"36":1,"37":0,"38":0,"39":1,"40":2,"41":2,"42":2,"43":1,"44":1,"45":0,"46":0,"47":1},"f":{"0":2,"1":2,"2":2,"3":2,"4":2,"5":2},"b":{"0":[1,1],"1":[1,1],"2":[1,1],"3":[1,1],"4":[1,1],"5":[1,1]},"_coverageSchema":"1a1c01bbd47fc00a2c39e90264f33305004495a9","hash":"33b48d26436a146adfe870afb47c1dee88d5494a"}
,"C:\\Users\\goyal\\OneDrive\\Desktop\\CRM-App-main\\controller\\user.controller.js": {"path":"C:\\Users\\goyal\\OneDrive\\Desktop\\CRM-App-main\\controller\\user.controller.js","statementMap":{"0":{"start":{"line":1,"column":20},"end":{"line":1,"column":54}},"1":{"start":{"line":3,"column":20},"end":{"line":20,"column":1}},"2":{"start":{"line":4,"column":2},"end":{"line":19,"column":3}},"3":{"start":{"line":5,"column":22},"end":{"line":5,"column":53}},"4":{"start":{"line":6,"column":2},"end":{"line":10,"column":3}},"5":{"start":{"line":7,"column":4},"end":{"line":9,"column":6}},"6":{"start":{"line":11,"column":2},"end":{"line":13,"column":7}},"7":{"start":{"line":16,"column":3},"end":{"line":18,"column":7}},"8":{"start":{"line":22,"column":23},"end":{"line":37,"column":1}},"9":{"start":{"line":23,"column":2},"end":{"line":34,"column":3}},"10":{"start":{"line":24,"column":19},"end":{"line":24,"column":63}},"11":{"start":{"line":25,"column":4},"end":{"line":27,"column":5}},"12":{"start":{"line":26,"column":6},"end":{"line":26,"column":58}},"13":{"start":{"line":28,"column":4},"end":{"line":30,"column":7}},"14":{"start":{"line":39,"column":24},"end":{"line":57,"column":1}},"15":{"start":{"line":40,"column":2},"end":{"line":56,"column":3}},"16":{"start":{"line":41,"column":21},"end":{"line":41,"column":73}},"17":{"start":{"line":43,"column":4},"end":{"line":47,"column":5}},"18":{"start":{"line":44,"column":6},"end":{"line":46,"column":8}},"19":{"start":{"line":49,"column":4},"end":{"line":51,"column":7}},"20":{"start":{"line":53,"column":4},"end":{"line":55,"column":7}},"21":{"start":{"line":58,"column":23},"end":{"line":76,"column":1}},"22":{"start":{"line":59,"column":2},"end":{"line":75,"column":3}},"23":{"start":{"line":60,"column":4},"end":{"line":60,"column":25}},"24":{"start":{"line":61,"column":21},"end":{"line":61,"column":63}},"25":{"start":{"line":62,"column":4},"end":{"line":70,"column":5}},"26":{"start":{"line":63,"column":6},"end":{"line":65,"column":9}},"27":{"start":{"line":67,"column":6},"end":{"line":69,"column":9}},"28":{"start":{"line":72,"column":4},"end":{"line":74,"column":7}},"29":{"start":{"line":77,"column":0},"end":{"line":82,"column":2}}},"fnMap":{"0":{"name":"(anonymous_0)","decl":{"start":{"line":3,"column":20},"end":{"line":3,"column":21}},"loc":{"start":{"line":3,"column":40},"end":{"line":20,"column":1}},"line":3},"1":{"name":"(anonymous_1)","decl":{"start":{"line":22,"column":23},"end":{"line":22,"column":24}},"loc":{"start":{"line":22,"column":43},"end":{"line":37,"column":1}},"line":22},"2":{"name":"(anonymous_2)","decl":{"start":{"line":39,"column":24},"end":{"line":39,"column":25}},"loc":{"start":{"line":39,"column":44},"end":{"line":57,"column":1}},"line":39},"3":{"name":"(anonymous_3)","decl":{"start":{"line":58,"column":23},"end":{"line":58,"column":24}},"loc":{"start":{"line":58,"column":43},"end":{"line":76,"column":1}},"line":58}},"branchMap":{"0":{"loc":{"start":{"line":6,"column":2},"end":{"line":10,"column":3}},"type":"if","locations":[{"start":{"line":6,"column":2},"end":{"line":10,"column":3}},{"start":{},"end":{}}],"line":6},"1":{"loc":{"start":{"line":25,"column":4},"end":{"line":27,"column":5}},"type":"if","locations":[{"start":{"line":25,"column":4},"end":{"line":27,"column":5}},{"start":{},"end":{}}],"line":25},"2":{"loc":{"start":{"line":43,"column":4},"end":{"line":47,"column":5}},"type":"if","locations":[{"start":{"line":43,"column":4},"end":{"line":47,"column":5}},{"start":{},"end":{}}],"line":43},"3":{"loc":{"start":{"line":62,"column":4},"end":{"line":70,"column":5}},"type":"if","locations":[{"start":{"line":62,"column":4},"end":{"line":70,"column":5}},{"start":{"line":66,"column":11},"end":{"line":70,"column":5}}],"line":62}},"s":{"0":1,"1":1,"2":2,"3":2,"4":2,"5":1,"6":1,"7":0,"8":1,"9":2,"10":2,"11":2,"12":1,"13":1,"14":1,"15":2,"16":2,"17":2,"18":1,"19":1,"20":0,"21":1,"22":2,"23":2,"24":2,"25":2,"26":1,"27":1,"28":0,"29":1},"f":{"0":2,"1":2,"2":2,"3":2},"b":{"0":[1,1],"1":[1,1],"2":[1,1],"3":[1,1]},"_coverageSchema":"1a1c01bbd47fc00a2c39e90264f33305004495a9","hash":"dd953ec292cc7bc9d688c7ef75f3fd1e2827beff"}
,"C:\\Users\\goyal\\OneDrive\\Desktop\\CRM-App-main\\models\\ticket.model.js": {"path":"C:\\Users\\goyal\\OneDrive\\Desktop\\CRM-App-main\\models\\ticket.model.js","statementMap":{"0":{"start":{"line":1,"column":17},"end":{"line":1,"column":36}},"1":{"start":{"line":2,"column":19},"end":{"line":2,"column":27}},"2":{"start":{"line":3,"column":21},"end":{"line":47,"column":2}},"3":{"start":{"line":49,"column":0},"end":{"line":49,"column":56}}},"fnMap":{},"branchMap":{},"s":{"0":4,"1":4,"2":4,"3":4},"f":{},"b":{},"_coverageSchema":"1a1c01bbd47fc00a2c39e90264f33305004495a9","hash":"ec50fc3eb562f34b1728005e6d1b6c6a56540d84"}
,"C:\\Users\\goyal\\OneDrive\\Desktop\\CRM-App-main\\models\\user.model.js": {"path":"C:\\Users\\goyal\\OneDrive\\Desktop\\CRM-App-main\\models\\user.model.js","statementMap":{"0":{"start":{"line":1,"column":17},"end":{"line":1,"column":36}},"1":{"start":{"line":2,"column":15},"end":{"line":2,"column":32}},"2":{"start":{"line":3,"column":19},"end":{"line":3,"column":27}},"3":{"start":{"line":4,"column":19},"end":{"line":51,"column":2}},"4":{"start":{"line":52,"column":0},"end":{"line":56,"column":3}},"5":{"start":{"line":53,"column":25},"end":{"line":53,"column":59}},"6":{"start":{"line":54,"column":2},"end":{"line":54,"column":33}},"7":{"start":{"line":55,"column":2},"end":{"line":55,"column":9}},"8":{"start":{"line":58,"column":0},"end":{"line":58,"column":52}}},"fnMap":{"0":{"name":"(anonymous_0)","decl":{"start":{"line":52,"column":23},"end":{"line":52,"column":24}},"loc":{"start":{"line":52,"column":39},"end":{"line":56,"column":1}},"line":52}},"branchMap":{},"s":{"0":4,"1":4,"2":4,"3":4,"4":4,"5":3,"6":3,"7":3,"8":4},"f":{"0":3},"b":{},"_coverageSchema":"1a1c01bbd47fc00a2c39e90264f33305004495a9","hash":"ef23deeaf30dcde13b0c8a29fa30370f3132f621"}
,"C:\\Users\\goyal\\OneDrive\\Desktop\\CRM-App-main\\service\\auth.service.js": {"path":"C:\\Users\\goyal\\OneDrive\\Desktop\\CRM-App-main\\service\\auth.service.js","statementMap":{"0":{"start":{"line":1,"column":12},"end":{"line":1,"column":35}},"1":{"start":{"line":2,"column":15},"end":{"line":2,"column":32}},"2":{"start":{"line":3,"column":0},"end":{"line":3,"column":27}},"3":{"start":{"line":5,"column":20},"end":{"line":12,"column":1}},"4":{"start":{"line":6,"column":2},"end":{"line":11,"column":3}},"5":{"start":{"line":7,"column":23},"end":{"line":7,"column":68}},"6":{"start":{"line":8,"column":4},"end":{"line":8,"column":24}},"7":{"start":{"line":10,"column":4},"end":{"line":10,"column":23}},"8":{"start":{"line":14,"column":0},"end":{"line":16,"column":2}}},"fnMap":{"0":{"name":"(anonymous_0)","decl":{"start":{"line":5,"column":20},"end":{"line":5,"column":21}},"loc":{"start":{"line":5,"column":31},"end":{"line":12,"column":1}},"line":5}},"branchMap":{},"s":{"0":1,"1":1,"2":1,"3":1,"4":2,"5":2,"6":1,"7":1,"8":1},"f":{"0":2},"b":{},"_coverageSchema":"1a1c01bbd47fc00a2c39e90264f33305004495a9","hash":"5b9e54ffa701fffe35ac6a46c6ab7ab7b3871fef"}
,"C:\\Users\\goyal\\OneDrive\\Desktop\\CRM-App-main\\service\\ticket.service.js": {"path":"C:\\Users\\goyal\\OneDrive\\Desktop\\CRM-App-main\\service\\ticket.service.js","statementMap":{"0":{"start":{"line":1,"column":29},"end":{"line":1,"column":74}},"1":{"start":{"line":2,"column":15},"end":{"line":2,"column":48}},"2":{"start":{"line":3,"column":13},"end":{"line":3,"column":44}},"3":{"start":{"line":4,"column":20},"end":{"line":4,"column":54}},"4":{"start":{"line":5,"column":21},"end":{"line":75,"column":1}},"5":{"start":{"line":8,"column":2},"end":{"line":74,"column":3}},"6":{"start":{"line":9,"column":31},"end":{"line":11,"column":12}},"7":{"start":{"line":13,"column":4},"end":{"line":19,"column":5}},"8":{"start":{"line":14,"column":6},"end":{"line":18,"column":8}},"9":{"start":{"line":20,"column":22},"end":{"line":29,"column":5}},"10":{"start":{"line":30,"column":27},"end":{"line":30,"column":57}},"11":{"start":{"line":31,"column":4},"end":{"line":35,"column":5}},"12":{"start":{"line":32,"column":6},"end":{"line":34,"column":8}},"13":{"start":{"line":36,"column":25},"end":{"line":39,"column":5}},"14":{"start":{"line":40,"column":4},"end":{"line":44,"column":5}},"15":{"start":{"line":41,"column":6},"end":{"line":43,"column":8}},"16":{"start":{"line":45,"column":4},"end":{"line":55,"column":5}},"17":{"start":{"line":46,"column":23},"end":{"line":49,"column":7}},"18":{"start":{"line":50,"column":6},"end":{"line":54,"column":7}},"19":{"start":{"line":51,"column":8},"end":{"line":53,"column":10}},"20":{"start":{"line":56,"column":37},"end":{"line":62,"column":5}},"21":{"start":{"line":63,"column":4},"end":{"line":69,"column":6}},"22":{"start":{"line":70,"column":4},"end":{"line":70,"column":26}},"23":{"start":{"line":72,"column":4},"end":{"line":72,"column":21}},"24":{"start":{"line":73,"column":4},"end":{"line":73,"column":23}},"25":{"start":{"line":77,"column":22},"end":{"line":92,"column":1}},"26":{"start":{"line":78,"column":2},"end":{"line":91,"column":3}},"27":{"start":{"line":81,"column":21},"end":{"line":81,"column":54}},"28":{"start":{"line":82,"column":4},"end":{"line":82,"column":26}},"29":{"start":{"line":83,"column":4},"end":{"line":87,"column":5}},"30":{"start":{"line":84,"column":6},"end":{"line":86,"column":8}},"31":{"start":{"line":88,"column":4},"end":{"line":88,"column":20}},"32":{"start":{"line":90,"column":4},"end":{"line":90,"column":23}},"33":{"start":{"line":93,"column":23},"end":{"line":106,"column":1}},"34":{"start":{"line":94,"column":2},"end":{"line":105,"column":3}},"35":{"start":{"line":95,"column":21},"end":{"line":95,"column":40}},"36":{"start":{"line":96,"column":4},"end":{"line":100,"column":5}},"37":{"start":{"line":97,"column":6},"end":{"line":99,"column":8}},"38":{"start":{"line":101,"column":4},"end":{"line":101,"column":20}},"39":{"start":{"line":103,"column":4},"end":{"line":103,"column":21}},"40":{"start":{"line":104,"column":4},"end":{"line":104,"column":15}},"41":{"start":{"line":107,"column":29},"end":{"line":122,"column":1}},"42":{"start":{"line":108,"column":2},"end":{"line":121,"column":3}},"43":{"start":{"line":109,"column":21},"end":{"line":111,"column":6}},"44":{"start":{"line":112,"column":4},"end":{"line":116,"column":5}},"45":{"start":{"line":113,"column":6},"end":{"line":115,"column":8}},"46":{"start":{"line":117,"column":4},"end":{"line":117,"column":20}},"47":{"start":{"line":119,"column":4},"end":{"line":119,"column":21}},"48":{"start":{"line":120,"column":4},"end":{"line":120,"column":15}},"49":{"start":{"line":124,"column":32},"end":{"line":144,"column":1}},"50":{"start":{"line":125,"column":2},"end":{"line":143,"column":3}},"51":{"start":{"line":126,"column":22},"end":{"line":126,"column":67}},"52":{"start":{"line":127,"column":4},"end":{"line":131,"column":5}},"53":{"start":{"line":128,"column":6},"end":{"line":130,"column":8}},"54":{"start":{"line":132,"column":20},"end":{"line":132,"column":22}},"55":{"start":{"line":133,"column":4},"end":{"line":138,"column":5}},"56":{"start":{"line":134,"column":21},"end":{"line":136,"column":8}},"57":{"start":{"line":137,"column":6},"end":{"line":137,"column":27}},"58":{"start":{"line":139,"column":4},"end":{"line":139,"column":19}},"59":{"start":{"line":141,"column":4},"end":{"line":141,"column":21}},"60":{"start":{"line":142,"column":4},"end":{"line":142,"column":23}},"61":{"start":{"line":145,"column":25},"end":{"line":209,"column":1}},"62":{"start":{"line":146,"column":2},"end":{"line":208,"column":3}},"63":{"start":{"line":147,"column":27},"end":{"line":147,"column":65}},"64":{"start":{"line":148,"column":4},"end":{"line":152,"column":5}},"65":{"start":{"line":149,"column":6},"end":{"line":151,"column":8}},"66":{"start":{"line":153,"column":19},"end":{"line":153,"column":30}},"67":{"start":{"line":155,"column":19},"end":{"line":155,"column":29}},"68":{"start":{"line":156,"column":4},"end":{"line":160,"column":5}},"69":{"start":{"line":157,"column":6},"end":{"line":159,"column":8}},"70":{"start":{"line":162,"column":4},"end":{"line":168,"column":5}},"71":{"start":{"line":163,"column":6},"end":{"line":163,"column":42}},"72":{"start":{"line":165,"column":6},"end":{"line":167,"column":8}},"73":{"start":{"line":170,"column":4},"end":{"line":177,"column":6}},"74":{"start":{"line":179,"column":4},"end":{"line":186,"column":6}},"75":{"start":{"line":187,"column":21},"end":{"line":189,"column":6}},"76":{"start":{"line":190,"column":37},"end":{"line":196,"column":5}},"77":{"start":{"line":197,"column":4},"end":{"line":203,"column":6}},"78":{"start":{"line":204,"column":4},"end":{"line":204,"column":20}},"79":{"start":{"line":206,"column":4},"end":{"line":206,"column":21}},"80":{"start":{"line":207,"column":4},"end":{"line":207,"column":23}},"81":{"start":{"line":210,"column":0},"end":{"line":217,"column":2}}},"fnMap":{"0":{"name":"(anonymous_0)","decl":{"start":{"line":5,"column":21},"end":{"line":5,"column":22}},"loc":{"start":{"line":5,"column":47},"end":{"line":75,"column":1}},"line":5},"1":{"name":"(anonymous_1)","decl":{"start":{"line":77,"column":22},"end":{"line":77,"column":23}},"loc":{"start":{"line":77,"column":36},"end":{"line":92,"column":1}},"line":77},"2":{"name":"(anonymous_2)","decl":{"start":{"line":93,"column":23},"end":{"line":93,"column":24}},"loc":{"start":{"line":93,"column":35},"end":{"line":106,"column":1}},"line":93},"3":{"name":"(anonymous_3)","decl":{"start":{"line":107,"column":29},"end":{"line":107,"column":30}},"loc":{"start":{"line":107,"column":45},"end":{"line":122,"column":1}},"line":107},"4":{"name":"(anonymous_4)","decl":{"start":{"line":124,"column":32},"end":{"line":124,"column":33}},"loc":{"start":{"line":124,"column":52},"end":{"line":144,"column":1}},"line":124},"5":{"name":"(anonymous_5)","decl":{"start":{"line":145,"column":25},"end":{"line":145,"column":26}},"loc":{"start":{"line":145,"column":64},"end":{"line":209,"column":1}},"line":145}},"branchMap":{"0":{"loc":{"start":{"line":9,"column":31},"end":{"line":11,"column":12}},"type":"cond-expr","locations":[{"start":{"line":10,"column":8},"end":{"line":10,"column":71}},{"start":{"line":11,"column":8},"end":{"line":11,"column":12}}],"line":9},"1":{"loc":{"start":{"line":13,"column":4},"end":{"line":19,"column":5}},"type":"if","locations":[{"start":{"line":13,"column":4},"end":{"line":19,"column":5}},{"start":{},"end":{}}],"line":13},"2":{"loc":{"start":{"line":31,"column":4},"end":{"line":35,"column":5}},"type":"if","locations":[{"start":{"line":31,"column":4},"end":{"line":35,"column":5}},{"start":{},"end":{}}],"line":31},"3":{"loc":{"start":{"line":40,"column":4},"end":{"line":44,"column":5}},"type":"if","locations":[{"start":{"line":40,"column":4},"end":{"line":44,"column":5}},{"start":{},"end":{}}],"line":40},"4":{"loc":{"start":{"line":45,"column":4},"end":{"line":55,"column":5}},"type":"if","locations":[{"start":{"line":45,"column":4},"end":{"line":55,"column":5}},{"start":{},"end":{}}],"line":45},"5":{"loc":{"start":{"line":50,"column":6},"end":{"line":54,"column":7}},"type":"if","locations":[{"start":{"line":50,"column":6},"end":{"line":54,"column":7}},{"start":{},"end":{}}],"line":50},"6":{"loc":{"start":{"line":83,"column":4},"end":{"line":87,"column":5}},"type":"if","locations":[{"start":{"line":83,"column":4},"end":{"line":87,"column":5}},{"start":{},"end":{}}],"line":83},"7":{"loc":{"start":{"line":96,"column":4},"end":{"line":100,"column":5}},"type":"if","locations":[{"start":{"line":96,"column":4},"end":{"line":100,"column":5}},{"start":{},"end":{}}],"line":96},"8":{"loc":{"start":{"line":112,"column":4},"end":{"line":116,"column":5}},"type":"if","locations":[{"start":{"line":112,"column":4},"end":{"line":116,"column":5}},{"start":{},"end":{}}],"line":112},"9":{"loc":{"start":{"line":127,"column":4},"end":{"line":131,"column":5}},"type":"if","locations":[{"start":{"line":127,"column":4},"end":{"line":131,"column":5}},{"start":{},"end":{}}],"line":127},"10":{"loc":{"start":{"line":127,"column":8},"end":{"line":127,"column":37}},"type":"binary-expr","locations":[{"start":{"line":127,"column":8},"end":{"line":127,"column":18}},{"start":{"line":127,"column":22},"end":{"line":127,"column":37}}],"line":127},"11":{"loc":{"start":{"line":148,"column":4},"end":{"line":152,"column":5}},"type":"if","locations":[{"start":{"line":148,"column":4},"end":{"line":152,"column":5}},{"start":{},"end":{}}],"line":148},"12":{"loc":{"start":{"line":148,"column":8},"end":{"line":148,"column":47}},"type":"binary-expr","locations":[{"start":{"line":148,"column":8},"end":{"line":148,"column":23}},{"start":{"line":148,"column":27},"end":{"line":148,"column":47}}],"line":148},"13":{"loc":{"start":{"line":156,"column":4},"end":{"line":160,"column":5}},"type":"if","locations":[{"start":{"line":156,"column":4},"end":{"line":160,"column":5}},{"start":{},"end":{}}],"line":156},"14":{"loc":{"start":{"line":156,"column":8},"end":{"line":156,"column":63}},"type":"binary-expr","locations":[{"start":{"line":156,"column":8},"end":{"line":156,"column":23}},{"start":{"line":156,"column":27},"end":{"line":156,"column":63}}],"line":156},"15":{"loc":{"start":{"line":162,"column":4},"end":{"line":168,"column":5}},"type":"if","locations":[{"start":{"line":162,"column":4},"end":{"line":168,"column":5}},{"start":{"line":164,"column":11},"end":{"line":168,"column":5}}],"line":162},"16":{"loc":{"start":{"line":162,"column":8},"end":{"line":162,"column":77}},"type":"binary-expr","locations":[{"start":{"line":162,"column":8},"end":{"line":162,"column":25}},{"start":{"line":162,"column":29},"end":{"line":162,"column":77}}],"line":162}},"s":{"0":1,"1":1,"2":1,"3":1,"4":1,"5":0,"6":0,"7":0,"8":0,"9":0,"10":0,"11":0,"12":0,"13":0,"14":0,"15":0,"16":0,"17":0,"18":0,"19":0,"20":0,"21":0,"22":0,"23":0,"24":0,"25":1,"26":0,"27":0,"28":0,"29":0,"30":0,"31":0,"32":0,"33":1,"34":0,"35":0,"36":0,"37":0,"38":0,"39":0,"40":0,"41":1,"42":0,"43":0,"44":0,"45":0,"46":0,"47":0,"48":0,"49":1,"50":0,"51":0,"52":0,"53":0,"54":0,"55":0,"56":0,"57":0,"58":0,"59":0,"60":0,"61":1,"62":0,"63":0,"64":0,"65":0,"66":0,"67":0,"68":0,"69":0,"70":0,"71":0,"72":0,"73":0,"74":0,"75":0,"76":0,"77":0,"78":0,"79":0,"80":0,"81":1},"f":{"0":0,"1":0,"2":0,"3":0,"4":0,"5":0},"b":{"0":[0,0],"1":[0,0],"2":[0,0],"3":[0,0],"4":[0,0],"5":[0,0],"6":[0,0],"7":[0,0],"8":[0,0],"9":[0,0],"10":[0,0],"11":[0,0],"12":[0,0],"13":[0,0],"14":[0,0],"15":[0,0],"16":[0,0]},"_coverageSchema":"1a1c01bbd47fc00a2c39e90264f33305004495a9","hash":"b3acec78dd9ead8faae312b3d155f33a23774a06"}
,"C:\\Users\\goyal\\OneDrive\\Desktop\\CRM-App-main\\service\\user.service.js": {"path":"C:\\Users\\goyal\\OneDrive\\Desktop\\CRM-App-main\\service\\user.service.js","statementMap":{"0":{"start":{"line":1,"column":13},"end":{"line":1,"column":44}},"1":{"start":{"line":2,"column":21},"end":{"line":2,"column":57}},"2":{"start":{"line":3,"column":15},"end":{"line":3,"column":48}},"3":{"start":{"line":4,"column":15},"end":{"line":4,"column":32}},"4":{"start":{"line":5,"column":20},"end":{"line":15,"column":1}},"5":{"start":{"line":6,"column":2},"end":{"line":14,"column":3}},"6":{"start":{"line":7,"column":21},"end":{"line":7,"column":38}},"7":{"start":{"line":8,"column":4},"end":{"line":10,"column":5}},"8":{"start":{"line":9,"column":6},"end":{"line":9,"column":39}},"9":{"start":{"line":11,"column":4},"end":{"line":11,"column":20}},"10":{"start":{"line":13,"column":4},"end":{"line":13,"column":23}},"11":{"start":{"line":16,"column":23},"end":{"line":28,"column":1}},"12":{"start":{"line":17,"column":2},"end":{"line":27,"column":3}},"13":{"start":{"line":18,"column":19},"end":{"line":18,"column":60}},"14":{"start":{"line":19,"column":4},"end":{"line":23,"column":5}},"15":{"start":{"line":20,"column":6},"end":{"line":22,"column":8}},"16":{"start":{"line":24,"column":4},"end":{"line":24,"column":20}},"17":{"start":{"line":26,"column":4},"end":{"line":26,"column":23}},"18":{"start":{"line":29,"column":24},"end":{"line":43,"column":1}},"19":{"start":{"line":30,"column":2},"end":{"line":42,"column":3}},"20":{"start":{"line":31,"column":21},"end":{"line":33,"column":6}},"21":{"start":{"line":34,"column":4},"end":{"line":38,"column":5}},"22":{"start":{"line":35,"column":6},"end":{"line":37,"column":8}},"23":{"start":{"line":39,"column":4},"end":{"line":39,"column":20}},"24":{"start":{"line":41,"column":4},"end":{"line":41,"column":15}},"25":{"start":{"line":44,"column":23},"end":{"line":77,"column":1}},"26":{"start":{"line":45,"column":2},"end":{"line":76,"column":3}},"27":{"start":{"line":47,"column":4},"end":{"line":52,"column":5}},"28":{"start":{"line":48,"column":6},"end":{"line":50,"column":8}},"29":{"start":{"line":51,"column":6},"end":{"line":51,"column":20}},"30":{"start":{"line":53,"column":4},"end":{"line":71,"column":5}},"31":{"start":{"line":55,"column":6},"end":{"line":58,"column":8}},"32":{"start":{"line":60,"column":9},"end":{"line":71,"column":5}},"33":{"start":{"line":61,"column":6},"end":{"line":64,"column":8}},"34":{"start":{"line":68,"column":6},"end":{"line":70,"column":8}},"35":{"start":{"line":72,"column":4},"end":{"line":72,"column":18}},"36":{"start":{"line":74,"column":4},"end":{"line":74,"column":21}},"37":{"start":{"line":75,"column":4},"end":{"line":75,"column":23}},"38":{"start":{"line":79,"column":26},"end":{"line":96,"column":1}},"39":{"start":{"line":80,"column":2},"end":{"line":95,"column":3}},"40":{"start":{"line":81,"column":19},"end":{"line":81,"column":45}},"41":{"start":{"line":82,"column":4},"end":{"line":91,"column":5}},"42":{"start":{"line":83,"column":6},"end":{"line":85,"column":8}},"43":{"start":{"line":88,"column":6},"end":{"line":90,"column":8}},"44":{"start":{"line":93,"column":4},"end":{"line":93,"column":20}},"45":{"start":{"line":94,"column":4},"end":{"line":94,"column":23}},"46":{"start":{"line":97,"column":34},"end":{"line":114,"column":1}},"47":{"start":{"line":98,"column":2},"end":{"line":113,"column":3}},"48":{"start":{"line":99,"column":27},"end":{"line":99,"column":59}},"49":{"start":{"line":100,"column":4},"end":{"line":104,"column":5}},"50":{"start":{"line":101,"column":8},"end":{"line":103,"column":9}},"51":{"start":{"line":105,"column":21},"end":{"line":108,"column":5}},"52":{"start":{"line":109,"column":4},"end":{"line":109,"column":20}},"53":{"start":{"line":111,"column":4},"end":{"line":111,"column":21}},"54":{"start":{"line":112,"column":4},"end":{"line":112,"column":23}},"55":{"start":{"line":116,"column":32},"end":{"line":134,"column":1}},"56":{"start":{"line":117,"column":2},"end":{"line":133,"column":3}},"57":{"start":{"line":118,"column":31},"end":{"line":118,"column":63}},"58":{"start":{"line":119,"column":4},"end":{"line":119,"column":36}},"59":{"start":{"line":120,"column":4},"end":{"line":124,"column":5}},"60":{"start":{"line":121,"column":6},"end":{"line":123,"column":8}},"61":{"start":{"line":125,"column":21},"end":{"line":128,"column":5}},"62":{"start":{"line":129,"column":4},"end":{"line":129,"column":20}},"63":{"start":{"line":131,"column":4},"end":{"line":131,"column":21}},"64":{"start":{"line":132,"column":4},"end":{"line":132,"column":23}},"65":{"start":{"line":135,"column":37},"end":{"line":153,"column":1}},"66":{"start":{"line":136,"column":2},"end":{"line":152,"column":3}},"67":{"start":{"line":137,"column":28},"end":{"line":137,"column":61}},"68":{"start":{"line":138,"column":5},"end":{"line":142,"column":7}},"69":{"start":{"line":139,"column":10},"end":{"line":141,"column":11}},"70":{"start":{"line":143,"column":22},"end":{"line":143,"column":24}},"71":{"start":{"line":144,"column":6},"end":{"line":147,"column":7}},"72":{"start":{"line":145,"column":26},"end":{"line":145,"column":63}},"73":{"start":{"line":146,"column":9},"end":{"line":146,"column":29}},"74":{"start":{"line":148,"column":6},"end":{"line":148,"column":21}},"75":{"start":{"line":150,"column":6},"end":{"line":150,"column":23}},"76":{"start":{"line":151,"column":6},"end":{"line":151,"column":25}},"77":{"start":{"line":154,"column":25},"end":{"line":169,"column":1}},"78":{"start":{"line":155,"column":2},"end":{"line":168,"column":3}},"79":{"start":{"line":156,"column":4},"end":{"line":156,"column":26}},"80":{"start":{"line":157,"column":21},"end":{"line":157,"column":60}},"81":{"start":{"line":158,"column":4},"end":{"line":164,"column":5}},"82":{"start":{"line":159,"column":6},"end":{"line":159,"column":22}},"83":{"start":{"line":161,"column":6},"end":{"line":163,"column":8}},"84":{"start":{"line":166,"column":4},"end":{"line":166,"column":59}},"85":{"start":{"line":167,"column":4},"end":{"line":167,"column":23}},"86":{"start":{"line":170,"column":19},"end":{"line":187,"column":1}},"87":{"start":{"line":171,"column":19},"end":{"line":171,"column":21}},"88":{"start":{"line":172,"column":2},"end":{"line":186,"column":3}},"89":{"start":{"line":173,"column":20},"end":{"line":179,"column":5}},"90":{"start":{"line":180,"column":20},"end":{"line":180,"column":46}},"91":{"start":{"line":181,"column":4},"end":{"line":181,"column":28}},"92":{"start":{"line":182,"column":4},"end":{"line":182,"column":20}},"93":{"start":{"line":184,"column":4},"end":{"line":184,"column":31}},"94":{"start":{"line":185,"column":4},"end":{"line":185,"column":20}},"95":{"start":{"line":189,"column":19},"end":{"line":210,"column":1}},"96":{"start":{"line":190,"column":19},"end":{"line":190,"column":21}},"97":{"start":{"line":191,"column":2},"end":{"line":209,"column":3}},"98":{"start":{"line":192,"column":21},"end":{"line":192,"column":62}},"99":{"start":{"line":194,"column":4},"end":{"line":203,"column":5}},"100":{"start":{"line":195,"column":6},"end":{"line":195,"column":37}},"101":{"start":{"line":197,"column":21},"end":{"line":197,"column":73}},"102":{"start":{"line":198,"column":6},"end":{"line":202,"column":7}},"103":{"start":{"line":199,"column":8},"end":{"line":199,"column":32}},"104":{"start":{"line":201,"column":8},"end":{"line":201,"column":42}},"105":{"start":{"line":204,"column":4},"end":{"line":204,"column":20}},"106":{"start":{"line":206,"column":4},"end":{"line":206,"column":40}},"107":{"start":{"line":207,"column":4},"end":{"line":207,"column":31}},"108":{"start":{"line":208,"column":4},"end":{"line":208,"column":20}},"109":{"start":{"line":212,"column":0},"end":{"line":224,"column":2}}},"fnMap":{"0":{"name":"(anonymous_0)","decl":{"start":{"line":5,"column":20},"end":{"line":5,"column":21}},"loc":{"start":{"line":5,"column":32},"end":{"line":15,"column":1}},"line":5},"1":{"name":"(anonymous_1)","decl":{"start":{"line":16,"column":23},"end":{"line":16,"column":24}},"loc":{"start":{"line":16,"column":39},"end":{"line":28,"column":1}},"line":16},"2":{"name":"(anonymous_2)","decl":{"start":{"line":29,"column":24},"end":{"line":29,"column":25}},"loc":{"start":{"line":29,"column":42},"end":{"line":43,"column":1}},"line":29},"3":{"name":"(anonymous_3)","decl":{"start":{"line":44,"column":23},"end":{"line":44,"column":24}},"loc":{"start":{"line":44,"column":39},"end":{"line":77,"column":1}},"line":44},"4":{"name":"(anonymous_4)","decl":{"start":{"line":79,"column":26},"end":{"line":79,"column":27}},"loc":{"start":{"line":79,"column":42},"end":{"line":96,"column":1}},"line":79},"5":{"name":"(anonymous_5)","decl":{"start":{"line":97,"column":34},"end":{"line":97,"column":35}},"loc":{"start":{"line":97,"column":65},"end":{"line":114,"column":1}},"line":97},"6":{"name":"(anonymous_6)","decl":{"start":{"line":116,"column":32},"end":{"line":116,"column":33}},"loc":{"start":{"line":116,"column":63},"end":{"line":134,"column":1}},"line":116},"7":{"name":"(anonymous_7)","decl":{"start":{"line":135,"column":37},"end":{"line":135,"column":38}},"loc":{"start":{"line":135,"column":55},"end":{"line":153,"column":1}},"line":135},"8":{"name":"(anonymous_8)","decl":{"start":{"line":154,"column":25},"end":{"line":154,"column":26}},"loc":{"start":{"line":154,"column":45},"end":{"line":169,"column":1}},"line":154},"9":{"name":"(anonymous_9)","decl":{"start":{"line":170,"column":19},"end":{"line":170,"column":20}},"loc":{"start":{"line":170,"column":35},"end":{"line":187,"column":1}},"line":170},"10":{"name":"(anonymous_10)","decl":{"start":{"line":189,"column":19},"end":{"line":189,"column":20}},"loc":{"start":{"line":189,"column":35},"end":{"line":210,"column":1}},"line":189}},"branchMap":{"0":{"loc":{"start":{"line":8,"column":4},"end":{"line":10,"column":5}},"type":"if","locations":[{"start":{"line":8,"column":4},"end":{"line":10,"column":5}},{"start":{},"end":{}}],"line":8},"1":{"loc":{"start":{"line":19,"column":4},"end":{"line":23,"column":5}},"type":"if","locations":[{"start":{"line":19,"column":4},"end":{"line":23,"column":5}},{"start":{},"end":{}}],"line":19},"2":{"loc":{"start":{"line":34,"column":4},"end":{"line":38,"column":5}},"type":"if","locations":[{"start":{"line":34,"column":4},"end":{"line":38,"column":5}},{"start":{},"end":{}}],"line":34},"3":{"loc":{"start":{"line":47,"column":4},"end":{"line":52,"column":5}},"type":"if","locations":[{"start":{"line":47,"column":4},"end":{"line":52,"column":5}},{"start":{},"end":{}}],"line":47},"4":{"loc":{"start":{"line":53,"column":4},"end":{"line":71,"column":5}},"type":"if","locations":[{"start":{"line":53,"column":4},"end":{"line":71,"column":5}},{"start":{"line":60,"column":9},"end":{"line":71,"column":5}}],"line":53},"5":{"loc":{"start":{"line":60,"column":9},"end":{"line":71,"column":5}},"type":"if","locations":[{"start":{"line":60,"column":9},"end":{"line":71,"column":5}},{"start":{"line":66,"column":9},"end":{"line":71,"column":5}}],"line":60},"6":{"loc":{"start":{"line":82,"column":4},"end":{"line":91,"column":5}},"type":"if","locations":[{"start":{"line":82,"column":4},"end":{"line":91,"column":5}},{"start":{"line":87,"column":9},"end":{"line":91,"column":5}}],"line":82},"7":{"loc":{"start":{"line":82,"column":8},"end":{"line":82,"column":53}},"type":"binary-expr","locations":[{"start":{"line":82,"column":8},"end":{"line":82,"column":16}},{"start":{"line":82,"column":20},"end":{"line":82,"column":53}}],"line":82},"8":{"loc":{"start":{"line":100,"column":4},"end":{"line":104,"column":5}},"type":"if","locations":[{"start":{"line":100,"column":4},"end":{"line":104,"column":5}},{"start":{},"end":{}}],"line":100},"9":{"loc":{"start":{"line":100,"column":7},"end":{"line":100,"column":46}},"type":"binary-expr","locations":[{"start":{"line":100,"column":7},"end":{"line":100,"column":22}},{"start":{"line":100,"column":26},"end":{"line":100,"column":46}}],"line":100},"10":{"loc":{"start":{"line":120,"column":4},"end":{"line":124,"column":5}},"type":"if","locations":[{"start":{"line":120,"column":4},"end":{"line":124,"column":5}},{"start":{},"end":{}}],"line":120},"11":{"loc":{"start":{"line":120,"column":8},"end":{"line":120,"column":55}},"type":"binary-expr","locations":[{"start":{"line":120,"column":8},"end":{"line":120,"column":27}},{"start":{"line":120,"column":31},"end":{"line":120,"column":55}}],"line":120},"12":{"loc":{"start":{"line":138,"column":5},"end":{"line":142,"column":7}},"type":"if","locations":[{"start":{"line":138,"column":5},"end":{"line":142,"column":7}},{"start":{},"end":{}}],"line":138},"13":{"loc":{"start":{"line":138,"column":8},"end":{"line":138,"column":45}},"type":"binary-expr","locations":[{"start":{"line":138,"column":8},"end":{"line":138,"column":22}},{"start":{"line":138,"column":26},"end":{"line":138,"column":45}}],"line":138},"14":{"loc":{"start":{"line":158,"column":4},"end":{"line":164,"column":5}},"type":"if","locations":[{"start":{"line":158,"column":4},"end":{"line":164,"column":5}},{"start":{"line":160,"column":11},"end":{"line":164,"column":5}}],"line":158},"15":{"loc":{"start":{"line":194,"column":4},"end":{"line":203,"column":5}},"type":"if","locations":[{"start":{"line":194,"column":4},"end":{"line":203,"column":5}},{"start":{"line":196,"column":11},"end":{"line":203,"column":5}}],"line":194},"16":{"loc":{"start":{"line":198,"column":6},"end":{"line":202,"column":7}},"type":"if","locations":[{"start":{"line":198,"column":6},"end":{"line":202,"column":7}},{"start":{"line":200,"column":13},"end":{"line":202,"column":7}}],"line":198}},"s":{"0":4,"1":4,"2":4,"3":4,"4":4,"5":3,"6":3,"7":2,"8":1,"9":1,"10":1,"11":4,"12":10,"13":10,"14":8,"15":3,"16":5,"17":2,"18":4,"19":3,"20":3,"21":2,"22":1,"23":1,"24":1,"25":4,"26":5,"27":5,"28":1,"29":1,"30":4,"31":1,"32":3,"33":2,"34":1,"35":4,"36":0,"37":0,"38":4,"39":7,"40":7,"41":7,"42":3,"43":4,"44":0,"45":0,"46":4,"47":3,"48":3,"49":3,"50":1,"51":2,"52":1,"53":1,"54":1,"55":4,"56":3,"57":3,"58":3,"59":3,"60":1,"61":2,"62":1,"63":1,"64":1,"65":4,"66":3,"67":3,"68":3,"69":1,"70":2,"71":2,"72":3,"73":2,"74":1,"75":1,"76":1,"77":4,"78":9,"79":9,"80":9,"81":8,"82":5,"83":3,"84":1,"85":1,"86":4,"87":6,"88":6,"89":6,"90":6,"91":2,"92":2,"93":4,"94":4,"95":4,"96":6,"97":6,"98":6,"99":5,"100":1,"101":4,"102":4,"103":2,"104":2,"105":5,"106":1,"107":1,"108":1,"109":4},"f":{"0":3,"1":10,"2":3,"3":5,"4":7,"5":3,"6":3,"7":3,"8":9,"9":6,"10":6},"b":{"0":[1,1],"1":[3,5],"2":[1,1],"3":[1,4],"4":[1,3],"5":[2,1],"6":[3,4],"7":[7,7],"8":[1,2],"9":[3,3],"10":[1,2],"11":[3,3],"12":[1,2],"13":[3,3],"14":[5,3],"15":[1,4],"16":[2,2]},"_coverageSchema":"1a1c01bbd47fc00a2c39e90264f33305004495a9","hash":"abfd86b1f8338a0e7a259589a2ae3528463fa03a"}
,"C:\\Users\\goyal\\OneDrive\\Desktop\\CRM-App-main\\test\\testUtils\\db.js": {"path":"C:\\Users\\goyal\\OneDrive\\Desktop\\CRM-App-main\\test\\testUtils\\db.js","statementMap":{"0":{"start":{"line":1,"column":17},"end":{"line":1,"column":36}},"1":{"start":{"line":2,"column":30},"end":{"line":2,"column":62}},"2":{"start":{"line":7,"column":0},"end":{"line":16,"column":1}},"3":{"start":{"line":9,"column":4},"end":{"line":9,"column":45}},"4":{"start":{"line":10,"column":16},"end":{"line":10,"column":31}},"5":{"start":{"line":15,"column":4},"end":{"line":15,"column":26}},"6":{"start":{"line":21,"column":0},"end":{"line":30,"column":1}},"7":{"start":{"line":24,"column":4},"end":{"line":24,"column":45}},"8":{"start":{"line":27,"column":4},"end":{"line":27,"column":38}},"9":{"start":{"line":29,"column":4},"end":{"line":29,"column":24}},"10":{"start":{"line":35,"column":0},"end":{"line":45,"column":1}},"11":{"start":{"line":37,"column":24},"end":{"line":37,"column":55}},"12":{"start":{"line":39,"column":4},"end":{"line":44,"column":5}},"13":{"start":{"line":41,"column":27},"end":{"line":41,"column":43}}},"fnMap":{"0":{"name":"(anonymous_0)","decl":{"start":{"line":7,"column":25},"end":{"line":7,"column":26}},"loc":{"start":{"line":7,"column":36},"end":{"line":16,"column":1}},"line":7},"1":{"name":"(anonymous_1)","decl":{"start":{"line":21,"column":31},"end":{"line":21,"column":32}},"loc":{"start":{"line":21,"column":42},"end":{"line":30,"column":1}},"line":21},"2":{"name":"(anonymous_2)","decl":{"start":{"line":35,"column":31},"end":{"line":35,"column":32}},"loc":{"start":{"line":35,"column":42},"end":{"line":45,"column":1}},"line":35}},"branchMap":{},"s":{"0":3,"1":3,"2":3,"3":2,"4":2,"5":2,"6":3,"7":2,"8":2,"9":2,"10":3,"11":40,"12":40,"13":80},"f":{"0":2,"1":2,"2":40},"b":{},"_coverageSchema":"1a1c01bbd47fc00a2c39e90264f33305004495a9","hash":"ccdfc34f7c6e116a34815087ed1dfef3d1e9a646"}
,"C:\\Users\\goyal\\OneDrive\\Desktop\\CRM-App-main\\test\\testUtils\\interceptor.js": {"path":"C:\\Users\\goyal\\OneDrive\\Desktop\\CRM-App-main\\test\\testUtils\\interceptor.js","statementMap":{"0":{"start":{"line":1,"column":20},"end":{"line":6,"column":1}},"1":{"start":{"line":2,"column":16},"end":{"line":2,"column":18}},"2":{"start":{"line":3,"column":4},"end":{"line":3,"column":18}},"3":{"start":{"line":4,"column":4},"end":{"line":4,"column":20}},"4":{"start":{"line":5,"column":4},"end":{"line":5,"column":15}},"5":{"start":{"line":8,"column":21},"end":{"line":14,"column":1}},"6":{"start":{"line":9,"column":16},"end":{"line":9,"column":18}},"7":{"start":{"line":10,"column":4},"end":{"line":10,"column":19}},"8":{"start":{"line":11,"column":4},"end":{"line":11,"column":83}},"9":{"start":{"line":12,"column":4},"end":{"line":12,"column":45}},"10":{"start":{"line":13,"column":4},"end":{"line":13,"column":14}},"11":{"start":{"line":17,"column":0},"end":{"line":19,"column":1}}},"fnMap":{"0":{"name":"(anonymous_0)","decl":{"start":{"line":1,"column":20},"end":{"line":1,"column":21}},"loc":{"start":{"line":1,"column":26},"end":{"line":6,"column":1}},"line":1},"1":{"name":"(anonymous_1)","decl":{"start":{"line":8,"column":21},"end":{"line":8,"column":22}},"loc":{"start":{"line":8,"column":27},"end":{"line":14,"column":1}},"line":8}},"branchMap":{},"s":{"0":3,"1":24,"2":24,"3":24,"4":24,"5":3,"6":28,"7":28,"8":28,"9":28,"10":28,"11":3},"f":{"0":24,"1":28},"b":{},"_coverageSchema":"1a1c01bbd47fc00a2c39e90264f33305004495a9","hash":"7042d63e32bfd1c626b5962fb726cc7cc26ba02d"}
}
