TN:
SF:Contants\user.constant.js
FNF:0
FNH:0
DA:1,1
DA:7,1
LF:2
LH:2
BRF:0
BRH:0
end_of_record
TN:
SF:models\ticket.model.js
FNF:0
FNH:0
DA:1,1
DA:2,1
DA:3,1
DA:49,1
LF:4
LH:4
BRF:0
BRH:0
end_of_record
TN:
SF:models\user.model.js
FN:52,(anonymous_0)
FNF:1
FNH:0
FNDA:0,(anonymous_0)
DA:1,1
DA:2,1
DA:3,1
DA:4,1
DA:52,1
DA:53,0
DA:54,0
DA:55,0
DA:58,1
LF:9
LH:6
BRF:0
BRH:0
end_of_record
TN:
SF:service\auth.service.js
FN:5,(anonymous_0)
FNF:1
FNH:1
FNDA:2,(anonymous_0)
DA:1,1
DA:2,1
DA:3,1
DA:5,1
DA:6,2
DA:7,2
DA:8,1
DA:10,1
DA:14,1
LF:9
LH:9
BRF:0
BRH:0
end_of_record
TN:
SF:service\user.service.js
FN:5,(anonymous_0)
FN:16,(anonymous_1)
FN:27,(anonymous_2)
FN:38,(anonymous_3)
FN:73,(anonymous_4)
FN:89,(anonymous_5)
FN:102,(anonymous_6)
FN:121,(anonymous_7)
FN:139,(anonymous_8)
FN:158,(anonymous_9)
FNF:10
FNH:2
FNDA:0,(anonymous_0)
FNDA:0,(anonymous_1)
FNDA:0,(anonymous_2)
FNDA:0,(anonymous_3)
FNDA:0,(anonymous_4)
FNDA:0,(anonymous_5)
FNDA:0,(anonymous_6)
FNDA:0,(anonymous_7)
FNDA:2,(anonymous_8)
FNDA:2,(anonymous_9)
DA:1,1
DA:2,1
DA:3,1
DA:4,1
DA:5,1
DA:6,0
DA:7,0
DA:8,0
DA:9,0
DA:11,0
DA:13,0
DA:16,1
DA:17,0
DA:18,0
DA:19,0
DA:20,0
DA:22,0
DA:24,0
DA:27,1
DA:28,0
DA:29,0
DA:33,0
DA:35,0
DA:38,1
DA:39,0
DA:41,0
DA:44,0
DA:47,0
DA:49,0
DA:51,0
DA:55,0
DA:56,0
DA:62,0
DA:66,0
DA:68,0
DA:69,0
DA:73,1
DA:74,0
DA:75,0
DA:76,0
DA:77,0
DA:81,0
DA:86,0
DA:89,1
DA:90,0
DA:91,0
DA:95,0
DA:97,0
DA:98,0
DA:102,1
DA:103,0
DA:104,0
DA:105,0
DA:106,0
DA:107,0
DA:111,0
DA:115,0
DA:117,0
DA:118,0
DA:121,1
DA:122,0
DA:123,0
DA:124,0
DA:125,0
DA:126,0
DA:129,0
DA:135,0
DA:136,0
DA:139,1
DA:140,2
DA:141,2
DA:142,2
DA:149,2
DA:150,1
DA:151,1
DA:153,1
DA:154,1
DA:158,1
DA:159,2
DA:160,2
DA:161,2
DA:163,2
DA:164,1
DA:167,1
DA:168,1
DA:169,0
DA:171,1
DA:174,2
DA:176,0
DA:177,0
DA:178,0
DA:182,1
LF:92
LH:32
BRDA:8,0,0,0
BRDA:8,0,1,0
BRDA:19,1,0,0
BRDA:19,1,1,0
BRDA:41,2,0,0
BRDA:41,2,1,0
BRDA:49,3,0,0
BRDA:49,3,1,0
BRDA:55,4,0,0
BRDA:55,4,1,0
BRDA:76,5,0,0
BRDA:76,5,1,0
BRDA:76,6,0,0
BRDA:76,6,1,0
BRDA:106,7,0,0
BRDA:106,7,1,0
BRDA:106,8,0,0
BRDA:106,8,1,0
BRDA:125,9,0,0
BRDA:125,9,1,0
BRDA:163,10,0,1
BRDA:163,10,1,1
BRDA:168,11,0,0
BRDA:168,11,1,1
BRF:24
BRH:3
end_of_record
TN:
SF:test\testUtils\db.js
FN:7,(anonymous_0)
FN:21,(anonymous_1)
FN:35,(anonymous_2)
FNF:3
FNH:3
FNDA:1,(anonymous_0)
FNDA:1,(anonymous_1)
FNDA:4,(anonymous_2)
DA:1,1
DA:2,1
DA:7,1
DA:9,1
DA:10,1
DA:15,1
DA:21,1
DA:24,1
DA:27,1
DA:29,1
DA:35,1
DA:37,4
DA:39,4
DA:41,8
LF:14
LH:14
BRF:0
BRH:0
end_of_record
