TN:
SF:Contants\user.constant.js
FNF:0
FNH:0
DA:1,4
DA:7,4
LF:2
LH:2
BRF:0
BRH:0
end_of_record
TN:
SF:Utils\notificationServiceClient.js
FN:7,(anonymous_0)
FN:27,(anonymous_1)
FNF:2
FNH:0
FNDA:0,(anonymous_0)
FNDA:0,(anonymous_1)
DA:1,1
DA:2,1
DA:6,1
DA:7,1
DA:14,0
DA:21,0
DA:23,0
DA:27,0
DA:29,0
DA:31,0
LF:10
LH:4
BRF:0
BRH:0
end_of_record
TN:
SF:controller\auth.controller.js
FN:4,(anonymous_0)
FN:25,(anonymous_1)
FNF:2
FNH:2
FNDA:4,(anonymous_0)
FNDA:2,(anonymous_1)
DA:1,1
DA:2,1
DA:3,1
DA:4,1
DA:5,4
DA:6,4
DA:10,4
DA:11,3
DA:12,3
DA:14,1
DA:15,1
DA:17,4
DA:19,0
DA:25,1
DA:28,2
DA:29,2
DA:30,2
DA:31,1
DA:32,1
DA:34,1
DA:35,1
DA:39,1
DA:44,2
DA:46,0
DA:51,1
LF:25
LH:23
BRDA:10,0,0,3
BRDA:10,0,1,1
BRDA:30,1,0,1
BRDA:30,1,1,1
BRF:4
BRH:4
end_of_record
TN:
SF:controller\ticket.controller.js
FN:3,(anonymous_0)
FN:19,(anonymous_1)
FN:39,(anonymous_2)
FN:57,(anonymous_3)
FN:75,(anonymous_4)
FN:89,(anonymous_5)
FNF:6
FNH:6
FNDA:2,(anonymous_0)
FNDA:2,(anonymous_1)
FNDA:2,(anonymous_2)
FNDA:2,(anonymous_3)
FNDA:2,(anonymous_4)
FNDA:2,(anonymous_5)
DA:1,1
DA:3,1
DA:4,2
DA:5,2
DA:6,2
DA:7,1
DA:9,1
DA:14,0
DA:19,1
DA:20,2
DA:23,2
DA:24,2
DA:25,1
DA:30,1
DA:34,0
DA:39,1
DA:40,2
DA:41,2
DA:42,2
DA:43,1
DA:47,1
DA:51,0
DA:52,0
DA:57,1
DA:58,2
DA:59,2
DA:60,2
DA:61,1
DA:65,1
DA:69,0
DA:70,0
DA:75,1
DA:76,2
DA:77,2
DA:78,2
DA:79,1
DA:81,1
DA:83,0
DA:84,0
DA:89,1
DA:90,2
DA:91,2
DA:97,2
DA:98,1
DA:103,1
DA:110,0
DA:111,0
DA:117,1
LF:48
LH:38
BRDA:6,0,0,1
BRDA:6,0,1,1
BRDA:24,1,0,1
BRDA:24,1,1,1
BRDA:42,2,0,1
BRDA:42,2,1,1
BRDA:60,3,0,1
BRDA:60,3,1,1
BRDA:78,4,0,1
BRDA:78,4,1,1
BRDA:97,5,0,1
BRDA:97,5,1,1
BRF:12
BRH:12
end_of_record
TN:
SF:controller\user.controller.js
FN:3,(anonymous_0)
FN:22,(anonymous_1)
FN:39,(anonymous_2)
FN:58,(anonymous_3)
FNF:4
FNH:4
FNDA:2,(anonymous_0)
FNDA:2,(anonymous_1)
FNDA:2,(anonymous_2)
FNDA:2,(anonymous_3)
DA:1,1
DA:3,1
DA:4,2
DA:5,2
DA:6,2
DA:7,1
DA:11,1
DA:16,0
DA:22,1
DA:23,2
DA:24,2
DA:25,2
DA:26,1
DA:28,1
DA:39,1
DA:40,2
DA:41,2
DA:43,2
DA:44,1
DA:49,1
DA:53,0
DA:58,1
DA:59,2
DA:60,2
DA:61,2
DA:62,2
DA:63,1
DA:67,1
DA:72,0
DA:77,1
LF:30
LH:27
BRDA:6,0,0,1
BRDA:6,0,1,1
BRDA:25,1,0,1
BRDA:25,1,1,1
BRDA:43,2,0,1
BRDA:43,2,1,1
BRDA:62,3,0,1
BRDA:62,3,1,1
BRF:8
BRH:8
end_of_record
TN:
SF:models\ticket.model.js
FNF:0
FNH:0
DA:1,4
DA:2,4
DA:3,4
DA:49,4
LF:4
LH:4
BRF:0
BRH:0
end_of_record
TN:
SF:models\user.model.js
FN:52,(anonymous_0)
FNF:1
FNH:1
FNDA:3,(anonymous_0)
DA:1,4
DA:2,4
DA:3,4
DA:4,4
DA:52,4
DA:53,3
DA:54,3
DA:55,3
DA:58,4
LF:9
LH:9
BRF:0
BRH:0
end_of_record
TN:
SF:service\auth.service.js
FN:5,(anonymous_0)
FNF:1
FNH:1
FNDA:2,(anonymous_0)
DA:1,1
DA:2,1
DA:3,1
DA:5,1
DA:6,2
DA:7,2
DA:8,1
DA:10,1
DA:14,1
LF:9
LH:9
BRF:0
BRH:0
end_of_record
TN:
SF:service\ticket.service.js
FN:5,(anonymous_0)
FN:77,(anonymous_1)
FN:93,(anonymous_2)
FN:107,(anonymous_3)
FN:124,(anonymous_4)
FN:145,(anonymous_5)
FNF:6
FNH:0
FNDA:0,(anonymous_0)
FNDA:0,(anonymous_1)
FNDA:0,(anonymous_2)
FNDA:0,(anonymous_3)
FNDA:0,(anonymous_4)
FNDA:0,(anonymous_5)
DA:1,1
DA:2,1
DA:3,1
DA:4,1
DA:5,1
DA:8,0
DA:9,0
DA:13,0
DA:14,0
DA:20,0
DA:30,0
DA:31,0
DA:32,0
DA:36,0
DA:40,0
DA:41,0
DA:45,0
DA:46,0
DA:50,0
DA:51,0
DA:56,0
DA:63,0
DA:70,0
DA:72,0
DA:73,0
DA:77,1
DA:78,0
DA:81,0
DA:82,0
DA:83,0
DA:84,0
DA:88,0
DA:90,0
DA:93,1
DA:94,0
DA:95,0
DA:96,0
DA:97,0
DA:101,0
DA:103,0
DA:104,0
DA:107,1
DA:108,0
DA:109,0
DA:112,0
DA:113,0
DA:117,0
DA:119,0
DA:120,0
DA:124,1
DA:125,0
DA:126,0
DA:127,0
DA:128,0
DA:132,0
DA:133,0
DA:134,0
DA:137,0
DA:139,0
DA:141,0
DA:142,0
DA:145,1
DA:146,0
DA:147,0
DA:148,0
DA:149,0
DA:153,0
DA:155,0
DA:156,0
DA:157,0
DA:162,0
DA:163,0
DA:165,0
DA:170,0
DA:179,0
DA:187,0
DA:190,0
DA:197,0
DA:204,0
DA:206,0
DA:207,0
DA:210,1
LF:82
LH:11
BRDA:9,0,0,0
BRDA:9,0,1,0
BRDA:13,1,0,0
BRDA:13,1,1,0
BRDA:31,2,0,0
BRDA:31,2,1,0
BRDA:40,3,0,0
BRDA:40,3,1,0
BRDA:45,4,0,0
BRDA:45,4,1,0
BRDA:50,5,0,0
BRDA:50,5,1,0
BRDA:83,6,0,0
BRDA:83,6,1,0
BRDA:96,7,0,0
BRDA:96,7,1,0
BRDA:112,8,0,0
BRDA:112,8,1,0
BRDA:127,9,0,0
BRDA:127,9,1,0
BRDA:127,10,0,0
BRDA:127,10,1,0
BRDA:148,11,0,0
BRDA:148,11,1,0
BRDA:148,12,0,0
BRDA:148,12,1,0
BRDA:156,13,0,0
BRDA:156,13,1,0
BRDA:156,14,0,0
BRDA:156,14,1,0
BRDA:162,15,0,0
BRDA:162,15,1,0
BRDA:162,16,0,0
BRDA:162,16,1,0
BRF:34
BRH:0
end_of_record
TN:
SF:service\user.service.js
FN:5,(anonymous_0)
FN:16,(anonymous_1)
FN:29,(anonymous_2)
FN:44,(anonymous_3)
FN:79,(anonymous_4)
FN:97,(anonymous_5)
FN:116,(anonymous_6)
FN:135,(anonymous_7)
FN:154,(anonymous_8)
FN:170,(anonymous_9)
FN:189,(anonymous_10)
FNF:11
FNH:11
FNDA:3,(anonymous_0)
FNDA:10,(anonymous_1)
FNDA:3,(anonymous_2)
FNDA:5,(anonymous_3)
FNDA:7,(anonymous_4)
FNDA:3,(anonymous_5)
FNDA:3,(anonymous_6)
FNDA:3,(anonymous_7)
FNDA:9,(anonymous_8)
FNDA:6,(anonymous_9)
FNDA:6,(anonymous_10)
DA:1,4
DA:2,4
DA:3,4
DA:4,4
DA:5,4
DA:6,3
DA:7,3
DA:8,2
DA:9,1
DA:11,1
DA:13,1
DA:16,4
DA:17,10
DA:18,10
DA:19,8
DA:20,3
DA:24,5
DA:26,2
DA:29,4
DA:30,3
DA:31,3
DA:34,2
DA:35,1
DA:39,1
DA:41,1
DA:44,4
DA:45,5
DA:47,5
DA:48,1
DA:51,1
DA:53,4
DA:55,1
DA:60,3
DA:61,2
DA:68,1
DA:72,4
DA:74,0
DA:75,0
DA:79,4
DA:80,7
DA:81,7
DA:82,7
DA:83,3
DA:88,4
DA:93,0
DA:94,0
DA:97,4
DA:98,3
DA:99,3
DA:100,3
DA:101,1
DA:105,2
DA:109,1
DA:111,1
DA:112,1
DA:116,4
DA:117,3
DA:118,3
DA:119,3
DA:120,3
DA:121,1
DA:125,2
DA:129,1
DA:131,1
DA:132,1
DA:135,4
DA:136,3
DA:137,3
DA:138,3
DA:139,1
DA:143,2
DA:144,2
DA:145,3
DA:146,2
DA:148,1
DA:150,1
DA:151,1
DA:154,4
DA:155,9
DA:156,9
DA:157,9
DA:158,8
DA:159,5
DA:161,3
DA:166,1
DA:167,1
DA:170,4
DA:171,6
DA:172,6
DA:173,6
DA:180,6
DA:181,2
DA:182,2
DA:184,4
DA:185,4
DA:189,4
DA:190,6
DA:191,6
DA:192,6
DA:194,5
DA:195,1
DA:197,4
DA:198,4
DA:199,2
DA:201,2
DA:204,5
DA:206,1
DA:207,1
DA:208,1
DA:212,4
LF:110
LH:106
BRDA:8,0,0,1
BRDA:8,0,1,1
BRDA:19,1,0,3
BRDA:19,1,1,5
BRDA:34,2,0,1
BRDA:34,2,1,1
BRDA:47,3,0,1
BRDA:47,3,1,4
BRDA:53,4,0,1
BRDA:53,4,1,3
BRDA:60,5,0,2
BRDA:60,5,1,1
BRDA:82,6,0,3
BRDA:82,6,1,4
BRDA:82,7,0,7
BRDA:82,7,1,7
BRDA:100,8,0,1
BRDA:100,8,1,2
BRDA:100,9,0,3
BRDA:100,9,1,3
BRDA:120,10,0,1
BRDA:120,10,1,2
BRDA:120,11,0,3
BRDA:120,11,1,3
BRDA:138,12,0,1
BRDA:138,12,1,2
BRDA:138,13,0,3
BRDA:138,13,1,3
BRDA:158,14,0,5
BRDA:158,14,1,3
BRDA:194,15,0,1
BRDA:194,15,1,4
BRDA:198,16,0,2
BRDA:198,16,1,2
BRF:34
BRH:34
end_of_record
TN:
SF:test\testUtils\db.js
FN:7,(anonymous_0)
FN:21,(anonymous_1)
FN:35,(anonymous_2)
FNF:3
FNH:3
FNDA:2,(anonymous_0)
FNDA:2,(anonymous_1)
FNDA:40,(anonymous_2)
DA:1,3
DA:2,3
DA:7,3
DA:9,2
DA:10,2
DA:15,2
DA:21,3
DA:24,2
DA:27,2
DA:29,2
DA:35,3
DA:37,40
DA:39,40
DA:41,80
LF:14
LH:14
BRF:0
BRH:0
end_of_record
TN:
SF:test\testUtils\interceptor.js
FN:1,(anonymous_0)
FN:8,(anonymous_1)
FNF:2
FNH:2
FNDA:24,(anonymous_0)
FNDA:28,(anonymous_1)
DA:1,3
DA:2,24
DA:3,24
DA:4,24
DA:5,24
DA:8,3
DA:9,28
DA:10,28
DA:11,28
DA:12,28
DA:13,28
DA:17,3
LF:12
LH:12
BRF:0
BRH:0
end_of_record
